<?xml version="1.0" encoding="UTF-8"?>
<testsuite xmlns:xsi="http://www.w3.org/2001/XMLSchema-instance" xsi:noNamespaceSchemaLocation="https://maven.apache.org/surefire/maven-surefire-plugin/xsd/surefire-test-report-3.0.xsd" version="3.0" name="com.example.AppTest" time="0.348" tests="1" errors="0" skipped="0" failures="0">
  <properties>
    <property name="sun.desktop" value="windows"/>
    <property name="awt.toolkit" value="sun.awt.windows.WToolkit"/>
    <property name="java.specification.version" value="11"/>
    <property name="sun.cpu.isalist" value="amd64"/>
    <property name="sun.jnu.encoding" value="Cp1252"/>
    <property name="java.class.path" value="C:\Users\ANKUSH\Desktop\Internship\soap\target\test-classes;C:\Users\ANKUSH\Desktop\Internship\soap\target\classes;C:\Users\ANKUSH\.m2\repository\org\apache\cxf\cxf-spring-boot-starter-jaxws\3.4.5\cxf-spring-boot-starter-jaxws-3.4.5.jar;C:\Users\ANKUSH\.m2\repository\org\springframework\boot\spring-boot-starter\2.3.12.RELEASE\spring-boot-starter-2.3.12.RELEASE.jar;C:\Users\ANKUSH\.m2\repository\org\springframework\boot\spring-boot\2.3.12.RELEASE\spring-boot-2.3.12.RELEASE.jar;C:\Users\ANKUSH\.m2\repository\org\springframework\spring-context\5.2.15.RELEASE\spring-context-5.2.15.RELEASE.jar;C:\Users\ANKUSH\.m2\repository\org\springframework\boot\spring-boot-autoconfigure\2.3.12.RELEASE\spring-boot-autoconfigure-2.3.12.RELEASE.jar;C:\Users\ANKUSH\.m2\repository\org\springframework\boot\spring-boot-starter-logging\2.3.12.RELEASE\spring-boot-starter-logging-2.3.12.RELEASE.jar;C:\Users\ANKUSH\.m2\repository\ch\qos\logback\logback-classic\1.2.3\logback-classic-1.2.3.jar;C:\Users\ANKUSH\.m2\repository\ch\qos\logback\logback-core\1.2.3\logback-core-1.2.3.jar;C:\Users\ANKUSH\.m2\repository\org\slf4j\slf4j-api\1.7.25\slf4j-api-1.7.25.jar;C:\Users\ANKUSH\.m2\repository\org\apache\logging\log4j\log4j-to-slf4j\2.13.3\log4j-to-slf4j-2.13.3.jar;C:\Users\ANKUSH\.m2\repository\org\apache\logging\log4j\log4j-api\2.13.3\log4j-api-2.13.3.jar;C:\Users\ANKUSH\.m2\repository\org\slf4j\jul-to-slf4j\1.7.30\jul-to-slf4j-1.7.30.jar;C:\Users\ANKUSH\.m2\repository\org\springframework\spring-core\5.2.15.RELEASE\spring-core-5.2.15.RELEASE.jar;C:\Users\ANKUSH\.m2\repository\org\springframework\spring-jcl\5.2.15.RELEASE\spring-jcl-5.2.15.RELEASE.jar;C:\Users\ANKUSH\.m2\repository\org\yaml\snakeyaml\1.26\snakeyaml-1.26.jar;C:\Users\ANKUSH\.m2\repository\org\springframework\boot\spring-boot-starter-web\2.3.12.RELEASE\spring-boot-starter-web-2.3.12.RELEASE.jar;C:\Users\ANKUSH\.m2\repository\org\springframework\boot\spring-boot-starter-json\2.3.12.RELEASE\spring-boot-starter-json-2.3.12.RELEASE.jar;C:\Users\ANKUSH\.m2\repository\com\fasterxml\jackson\core\jackson-databind\2.11.4\jackson-databind-2.11.4.jar;C:\Users\ANKUSH\.m2\repository\com\fasterxml\jackson\core\jackson-annotations\2.11.4\jackson-annotations-2.11.4.jar;C:\Users\ANKUSH\.m2\repository\com\fasterxml\jackson\core\jackson-core\2.11.4\jackson-core-2.11.4.jar;C:\Users\ANKUSH\.m2\repository\com\fasterxml\jackson\datatype\jackson-datatype-jdk8\2.11.4\jackson-datatype-jdk8-2.11.4.jar;C:\Users\ANKUSH\.m2\repository\com\fasterxml\jackson\datatype\jackson-datatype-jsr310\2.11.4\jackson-datatype-jsr310-2.11.4.jar;C:\Users\ANKUSH\.m2\repository\com\fasterxml\jackson\module\jackson-module-parameter-names\2.11.4\jackson-module-parameter-names-2.11.4.jar;C:\Users\ANKUSH\.m2\repository\org\springframework\boot\spring-boot-starter-tomcat\2.3.12.RELEASE\spring-boot-starter-tomcat-2.3.12.RELEASE.jar;C:\Users\ANKUSH\.m2\repository\org\apache\tomcat\embed\tomcat-embed-core\9.0.46\tomcat-embed-core-9.0.46.jar;C:\Users\ANKUSH\.m2\repository\org\apache\tomcat\embed\tomcat-embed-websocket\9.0.46\tomcat-embed-websocket-9.0.46.jar;C:\Users\ANKUSH\.m2\repository\org\springframework\spring-web\5.2.15.RELEASE\spring-web-5.2.15.RELEASE.jar;C:\Users\ANKUSH\.m2\repository\org\springframework\spring-beans\5.2.15.RELEASE\spring-beans-5.2.15.RELEASE.jar;C:\Users\ANKUSH\.m2\repository\org\springframework\spring-webmvc\5.2.15.RELEASE\spring-webmvc-5.2.15.RELEASE.jar;C:\Users\ANKUSH\.m2\repository\org\springframework\spring-aop\5.2.15.RELEASE\spring-aop-5.2.15.RELEASE.jar;C:\Users\ANKUSH\.m2\repository\org\springframework\spring-expression\5.2.15.RELEASE\spring-expression-5.2.15.RELEASE.jar;C:\Users\ANKUSH\.m2\repository\org\apache\cxf\cxf-spring-boot-autoconfigure\3.4.5\cxf-spring-boot-autoconfigure-3.4.5.jar;C:\Users\ANKUSH\.m2\repository\org\apache\cxf\cxf-rt-transports-http\3.4.5\cxf-rt-transports-http-3.4.5.jar;C:\Users\ANKUSH\.m2\repository\org\apache\cxf\cxf-rt-features-metrics\3.4.5\cxf-rt-features-metrics-3.4.5.jar;C:\Users\ANKUSH\.m2\repository\jakarta\validation\jakarta.validation-api\2.0.2\jakarta.validation-api-2.0.2.jar;C:\Users\ANKUSH\.m2\repository\org\springframework\boot\spring-boot-starter-validation\2.3.12.RELEASE\spring-boot-starter-validation-2.3.12.RELEASE.jar;C:\Users\ANKUSH\.m2\repository\org\glassfish\jakarta.el\3.0.3\jakarta.el-3.0.3.jar;C:\Users\ANKUSH\.m2\repository\org\hibernate\validator\hibernate-validator\6.1.7.Final\hibernate-validator-6.1.7.Final.jar;C:\Users\ANKUSH\.m2\repository\org\jboss\logging\jboss-logging\3.3.2.Final\jboss-logging-3.3.2.Final.jar;C:\Users\ANKUSH\.m2\repository\com\fasterxml\classmate\1.3.4\classmate-1.3.4.jar;C:\Users\ANKUSH\.m2\repository\jakarta\annotation\jakarta.annotation-api\1.3.5\jakarta.annotation-api-1.3.5.jar;C:\Users\ANKUSH\.m2\repository\jakarta\xml\ws\jakarta.xml.ws-api\2.3.3\jakarta.xml.ws-api-2.3.3.jar;C:\Users\ANKUSH\.m2\repository\jakarta\xml\bind\jakarta.xml.bind-api\2.3.3\jakarta.xml.bind-api-2.3.3.jar;C:\Users\ANKUSH\.m2\repository\jakarta\jws\jakarta.jws-api\2.1.0\jakarta.jws-api-2.1.0.jar;C:\Users\ANKUSH\.m2\repository\jakarta\xml\soap\jakarta.xml.soap-api\1.4.2\jakarta.xml.soap-api-1.4.2.jar;C:\Users\ANKUSH\.m2\repository\jakarta\activation\jakarta.activation-api\1.2.2\jakarta.activation-api-1.2.2.jar;C:\Users\ANKUSH\.m2\repository\com\sun\activation\jakarta.activation\1.2.2\jakarta.activation-1.2.2.jar;C:\Users\ANKUSH\.m2\repository\com\sun\xml\messaging\saaj\saaj-impl\1.5.3\saaj-impl-1.5.3.jar;C:\Users\ANKUSH\.m2\repository\org\jvnet\staxex\stax-ex\1.8.3\stax-ex-1.8.3.jar;C:\Users\ANKUSH\.m2\repository\org\apache\geronimo\specs\geronimo-jta_1.1_spec\1.1.1\geronimo-jta_1.1_spec-1.1.1.jar;C:\Users\ANKUSH\.m2\repository\javax\xml\bind\jaxb-api\2.3.1\jaxb-api-2.3.1.jar;C:\Users\ANKUSH\.m2\repository\javax\activation\javax.activation-api\1.2.0\javax.activation-api-1.2.0.jar;C:\Users\ANKUSH\.m2\repository\org\apache\cxf\cxf-rt-frontend-jaxws\3.4.5\cxf-rt-frontend-jaxws-3.4.5.jar;C:\Users\ANKUSH\.m2\repository\xml-resolver\xml-resolver\1.2\xml-resolver-1.2.jar;C:\Users\ANKUSH\.m2\repository\org\ow2\asm\asm\9.2\asm-9.2.jar;C:\Users\ANKUSH\.m2\repository\org\apache\cxf\cxf-core\3.4.5\cxf-core-3.4.5.jar;C:\Users\ANKUSH\.m2\repository\org\glassfish\jaxb\jaxb-runtime\2.3.4\jaxb-runtime-2.3.4.jar;C:\Users\ANKUSH\.m2\repository\org\glassfish\jaxb\txw2\2.3.4\txw2-2.3.4.jar;C:\Users\ANKUSH\.m2\repository\com\sun\istack\istack-commons-runtime\3.0.12\istack-commons-runtime-3.0.12.jar;C:\Users\ANKUSH\.m2\repository\com\fasterxml\woodstox\woodstox-core\6.2.6\woodstox-core-6.2.6.jar;C:\Users\ANKUSH\.m2\repository\org\codehaus\woodstox\stax2-api\4.2.1\stax2-api-4.2.1.jar;C:\Users\ANKUSH\.m2\repository\org\apache\ws\xmlschema\xmlschema-core\2.2.5\xmlschema-core-2.2.5.jar;C:\Users\ANKUSH\.m2\repository\org\apache\cxf\cxf-rt-bindings-soap\3.4.5\cxf-rt-bindings-soap-3.4.5.jar;C:\Users\ANKUSH\.m2\repository\org\apache\cxf\cxf-rt-wsdl\3.4.5\cxf-rt-wsdl-3.4.5.jar;C:\Users\ANKUSH\.m2\repository\wsdl4j\wsdl4j\1.6.3\wsdl4j-1.6.3.jar;C:\Users\ANKUSH\.m2\repository\org\apache\cxf\cxf-rt-databinding-jaxb\3.4.5\cxf-rt-databinding-jaxb-3.4.5.jar;C:\Users\ANKUSH\.m2\repository\org\apache\cxf\cxf-rt-bindings-xml\3.4.5\cxf-rt-bindings-xml-3.4.5.jar;C:\Users\ANKUSH\.m2\repository\org\apache\cxf\cxf-rt-frontend-simple\3.4.5\cxf-rt-frontend-simple-3.4.5.jar;C:\Users\ANKUSH\.m2\repository\org\apache\cxf\cxf-rt-ws-addr\3.4.5\cxf-rt-ws-addr-3.4.5.jar;C:\Users\ANKUSH\.m2\repository\org\apache\cxf\cxf-rt-ws-policy\3.4.5\cxf-rt-ws-policy-3.4.5.jar;C:\Users\ANKUSH\.m2\repository\org\apache\neethi\neethi\3.1.1\neethi-3.1.1.jar;C:\Users\ANKUSH\.m2\repository\junit\junit\4.13.2\junit-4.13.2.jar;C:\Users\ANKUSH\.m2\repository\org\hamcrest\hamcrest-core\1.3\hamcrest-core-1.3.jar;"/>
    <property name="java.vm.vendor" value="Oracle Corporation"/>
    <property name="sun.arch.data.model" value="64"/>
    <property name="user.variant" value=""/>
    <property name="java.vendor.url" value="https://openjdk.java.net/"/>
    <property name="user.timezone" value="Africa/Nairobi"/>
    <property name="java.vm.specification.version" value="11"/>
    <property name="os.name" value="Windows 11"/>
    <property name="sun.java.launcher" value="SUN_STANDARD"/>
    <property name="user.country" value="GB"/>
    <property name="sun.boot.library.path" value="C:\Program Files\Java\jdk-11\bin"/>
    <property name="sun.java.command" value="C:\Users\ANKUSH\AppData\Local\Temp\surefire14344204243397378191\surefirebooter-20230713213849596_3.jar C:\Users\ANKUSH\AppData\Local\Temp\surefire14344204243397378191 2023-07-13T21-38-49_088-jvmRun1 surefire-20230713213849596_1tmp surefire_0-20230713213849596_2tmp"/>
    <property name="jdk.debug" value="release"/>
    <property name="surefire.test.class.path" value="C:\Users\ANKUSH\Desktop\Internship\soap\target\test-classes;C:\Users\ANKUSH\Desktop\Internship\soap\target\classes;C:\Users\ANKUSH\.m2\repository\org\apache\cxf\cxf-spring-boot-starter-jaxws\3.4.5\cxf-spring-boot-starter-jaxws-3.4.5.jar;C:\Users\ANKUSH\.m2\repository\org\springframework\boot\spring-boot-starter\2.3.12.RELEASE\spring-boot-starter-2.3.12.RELEASE.jar;C:\Users\ANKUSH\.m2\repository\org\springframework\boot\spring-boot\2.3.12.RELEASE\spring-boot-2.3.12.RELEASE.jar;C:\Users\ANKUSH\.m2\repository\org\springframework\spring-context\5.2.15.RELEASE\spring-context-5.2.15.RELEASE.jar;C:\Users\ANKUSH\.m2\repository\org\springframework\boot\spring-boot-autoconfigure\2.3.12.RELEASE\spring-boot-autoconfigure-2.3.12.RELEASE.jar;C:\Users\ANKUSH\.m2\repository\org\springframework\boot\spring-boot-starter-logging\2.3.12.RELEASE\spring-boot-starter-logging-2.3.12.RELEASE.jar;C:\Users\ANKUSH\.m2\repository\ch\qos\logback\logback-classic\1.2.3\logback-classic-1.2.3.jar;C:\Users\ANKUSH\.m2\repository\ch\qos\logback\logback-core\1.2.3\logback-core-1.2.3.jar;C:\Users\ANKUSH\.m2\repository\org\slf4j\slf4j-api\1.7.25\slf4j-api-1.7.25.jar;C:\Users\ANKUSH\.m2\repository\org\apache\logging\log4j\log4j-to-slf4j\2.13.3\log4j-to-slf4j-2.13.3.jar;C:\Users\ANKUSH\.m2\repository\org\apache\logging\log4j\log4j-api\2.13.3\log4j-api-2.13.3.jar;C:\Users\ANKUSH\.m2\repository\org\slf4j\jul-to-slf4j\1.7.30\jul-to-slf4j-1.7.30.jar;C:\Users\ANKUSH\.m2\repository\org\springframework\spring-core\5.2.15.RELEASE\spring-core-5.2.15.RELEASE.jar;C:\Users\ANKUSH\.m2\repository\org\springframework\spring-jcl\5.2.15.RELEASE\spring-jcl-5.2.15.RELEASE.jar;C:\Users\ANKUSH\.m2\repository\org\yaml\snakeyaml\1.26\snakeyaml-1.26.jar;C:\Users\ANKUSH\.m2\repository\org\springframework\boot\spring-boot-starter-web\2.3.12.RELEASE\spring-boot-starter-web-2.3.12.RELEASE.jar;C:\Users\ANKUSH\.m2\repository\org\springframework\boot\spring-boot-starter-json\2.3.12.RELEASE\spring-boot-starter-json-2.3.12.RELEASE.jar;C:\Users\ANKUSH\.m2\repository\com\fasterxml\jackson\core\jackson-databind\2.11.4\jackson-databind-2.11.4.jar;C:\Users\ANKUSH\.m2\repository\com\fasterxml\jackson\core\jackson-annotations\2.11.4\jackson-annotations-2.11.4.jar;C:\Users\ANKUSH\.m2\repository\com\fasterxml\jackson\core\jackson-core\2.11.4\jackson-core-2.11.4.jar;C:\Users\ANKUSH\.m2\repository\com\fasterxml\jackson\datatype\jackson-datatype-jdk8\2.11.4\jackson-datatype-jdk8-2.11.4.jar;C:\Users\ANKUSH\.m2\repository\com\fasterxml\jackson\datatype\jackson-datatype-jsr310\2.11.4\jackson-datatype-jsr310-2.11.4.jar;C:\Users\ANKUSH\.m2\repository\com\fasterxml\jackson\module\jackson-module-parameter-names\2.11.4\jackson-module-parameter-names-2.11.4.jar;C:\Users\ANKUSH\.m2\repository\org\springframework\boot\spring-boot-starter-tomcat\2.3.12.RELEASE\spring-boot-starter-tomcat-2.3.12.RELEASE.jar;C:\Users\ANKUSH\.m2\repository\org\apache\tomcat\embed\tomcat-embed-core\9.0.46\tomcat-embed-core-9.0.46.jar;C:\Users\ANKUSH\.m2\repository\org\apache\tomcat\embed\tomcat-embed-websocket\9.0.46\tomcat-embed-websocket-9.0.46.jar;C:\Users\ANKUSH\.m2\repository\org\springframework\spring-web\5.2.15.RELEASE\spring-web-5.2.15.RELEASE.jar;C:\Users\ANKUSH\.m2\repository\org\springframework\spring-beans\5.2.15.RELEASE\spring-beans-5.2.15.RELEASE.jar;C:\Users\ANKUSH\.m2\repository\org\springframework\spring-webmvc\5.2.15.RELEASE\spring-webmvc-5.2.15.RELEASE.jar;C:\Users\ANKUSH\.m2\repository\org\springframework\spring-aop\5.2.15.RELEASE\spring-aop-5.2.15.RELEASE.jar;C:\Users\ANKUSH\.m2\repository\org\springframework\spring-expression\5.2.15.RELEASE\spring-expression-5.2.15.RELEASE.jar;C:\Users\ANKUSH\.m2\repository\org\apache\cxf\cxf-spring-boot-autoconfigure\3.4.5\cxf-spring-boot-autoconfigure-3.4.5.jar;C:\Users\ANKUSH\.m2\repository\org\apache\cxf\cxf-rt-transports-http\3.4.5\cxf-rt-transports-http-3.4.5.jar;C:\Users\ANKUSH\.m2\repository\org\apache\cxf\cxf-rt-features-metrics\3.4.5\cxf-rt-features-metrics-3.4.5.jar;C:\Users\ANKUSH\.m2\repository\jakarta\validation\jakarta.validation-api\2.0.2\jakarta.validation-api-2.0.2.jar;C:\Users\ANKUSH\.m2\repository\org\springframework\boot\spring-boot-starter-validation\2.3.12.RELEASE\spring-boot-starter-validation-2.3.12.RELEASE.jar;C:\Users\ANKUSH\.m2\repository\org\glassfish\jakarta.el\3.0.3\jakarta.el-3.0.3.jar;C:\Users\ANKUSH\.m2\repository\org\hibernate\validator\hibernate-validator\6.1.7.Final\hibernate-validator-6.1.7.Final.jar;C:\Users\ANKUSH\.m2\repository\org\jboss\logging\jboss-logging\3.3.2.Final\jboss-logging-3.3.2.Final.jar;C:\Users\ANKUSH\.m2\repository\com\fasterxml\classmate\1.3.4\classmate-1.3.4.jar;C:\Users\ANKUSH\.m2\repository\jakarta\annotation\jakarta.annotation-api\1.3.5\jakarta.annotation-api-1.3.5.jar;C:\Users\ANKUSH\.m2\repository\jakarta\xml\ws\jakarta.xml.ws-api\2.3.3\jakarta.xml.ws-api-2.3.3.jar;C:\Users\ANKUSH\.m2\repository\jakarta\xml\bind\jakarta.xml.bind-api\2.3.3\jakarta.xml.bind-api-2.3.3.jar;C:\Users\ANKUSH\.m2\repository\jakarta\jws\jakarta.jws-api\2.1.0\jakarta.jws-api-2.1.0.jar;C:\Users\ANKUSH\.m2\repository\jakarta\xml\soap\jakarta.xml.soap-api\1.4.2\jakarta.xml.soap-api-1.4.2.jar;C:\Users\ANKUSH\.m2\repository\jakarta\activation\jakarta.activation-api\1.2.2\jakarta.activation-api-1.2.2.jar;C:\Users\ANKUSH\.m2\repository\com\sun\activation\jakarta.activation\1.2.2\jakarta.activation-1.2.2.jar;C:\Users\ANKUSH\.m2\repository\com\sun\xml\messaging\saaj\saaj-impl\1.5.3\saaj-impl-1.5.3.jar;C:\Users\ANKUSH\.m2\repository\org\jvnet\staxex\stax-ex\1.8.3\stax-ex-1.8.3.jar;C:\Users\ANKUSH\.m2\repository\org\apache\geronimo\specs\geronimo-jta_1.1_spec\1.1.1\geronimo-jta_1.1_spec-1.1.1.jar;C:\Users\ANKUSH\.m2\repository\javax\xml\bind\jaxb-api\2.3.1\jaxb-api-2.3.1.jar;C:\Users\ANKUSH\.m2\repository\javax\activation\javax.activation-api\1.2.0\javax.activation-api-1.2.0.jar;C:\Users\ANKUSH\.m2\repository\org\apache\cxf\cxf-rt-frontend-jaxws\3.4.5\cxf-rt-frontend-jaxws-3.4.5.jar;C:\Users\ANKUSH\.m2\repository\xml-resolver\xml-resolver\1.2\xml-resolver-1.2.jar;C:\Users\ANKUSH\.m2\repository\org\ow2\asm\asm\9.2\asm-9.2.jar;C:\Users\ANKUSH\.m2\repository\org\apache\cxf\cxf-core\3.4.5\cxf-core-3.4.5.jar;C:\Users\ANKUSH\.m2\repository\org\glassfish\jaxb\jaxb-runtime\2.3.4\jaxb-runtime-2.3.4.jar;C:\Users\ANKUSH\.m2\repository\org\glassfish\jaxb\txw2\2.3.4\txw2-2.3.4.jar;C:\Users\ANKUSH\.m2\repository\com\sun\istack\istack-commons-runtime\3.0.12\istack-commons-runtime-3.0.12.jar;C:\Users\ANKUSH\.m2\repository\com\fasterxml\woodstox\woodstox-core\6.2.6\woodstox-core-6.2.6.jar;C:\Users\ANKUSH\.m2\repository\org\codehaus\woodstox\stax2-api\4.2.1\stax2-api-4.2.1.jar;C:\Users\ANKUSH\.m2\repository\org\apache\ws\xmlschema\xmlschema-core\2.2.5\xmlschema-core-2.2.5.jar;C:\Users\ANKUSH\.m2\repository\org\apache\cxf\cxf-rt-bindings-soap\3.4.5\cxf-rt-bindings-soap-3.4.5.jar;C:\Users\ANKUSH\.m2\repository\org\apache\cxf\cxf-rt-wsdl\3.4.5\cxf-rt-wsdl-3.4.5.jar;C:\Users\ANKUSH\.m2\repository\wsdl4j\wsdl4j\1.6.3\wsdl4j-1.6.3.jar;C:\Users\ANKUSH\.m2\repository\org\apache\cxf\cxf-rt-databinding-jaxb\3.4.5\cxf-rt-databinding-jaxb-3.4.5.jar;C:\Users\ANKUSH\.m2\repository\org\apache\cxf\cxf-rt-bindings-xml\3.4.5\cxf-rt-bindings-xml-3.4.5.jar;C:\Users\ANKUSH\.m2\repository\org\apache\cxf\cxf-rt-frontend-simple\3.4.5\cxf-rt-frontend-simple-3.4.5.jar;C:\Users\ANKUSH\.m2\repository\org\apache\cxf\cxf-rt-ws-addr\3.4.5\cxf-rt-ws-addr-3.4.5.jar;C:\Users\ANKUSH\.m2\repository\org\apache\cxf\cxf-rt-ws-policy\3.4.5\cxf-rt-ws-policy-3.4.5.jar;C:\Users\ANKUSH\.m2\repository\org\apache\neethi\neethi\3.1.1\neethi-3.1.1.jar;C:\Users\ANKUSH\.m2\repository\junit\junit\4.13.2\junit-4.13.2.jar;C:\Users\ANKUSH\.m2\repository\org\hamcrest\hamcrest-core\1.3\hamcrest-core-1.3.jar;"/>
    <property name="sun.cpu.endian" value="little"/>
    <property name="user.home" value="C:\Users\ANKUSH"/>
    <property name="user.language" value="en"/>
    <property name="java.specification.vendor" value="Oracle Corporation"/>
    <property name="java.version.date" value="2023-04-18"/>
    <property name="java.home" value="C:\Program Files\Java\jdk-11"/>
    <property name="file.separator" value="\"/>
    <property name="basedir" value="C:\Users\ANKUSH\Desktop\Internship\soap"/>
    <property name="java.vm.compressedOopsMode" value="32-bit"/>
    <property name="line.separator" value="&#10;"/>
    <property name="java.specification.name" value="Java Platform API Specification"/>
    <property name="java.vm.specification.vendor" value="Oracle Corporation"/>
    <property name="java.awt.graphicsenv" value="sun.awt.Win32GraphicsEnvironment"/>
    <property name="surefire.real.class.path" value="C:\Users\ANKUSH\AppData\Local\Temp\surefire14344204243397378191\surefirebooter-20230713213849596_3.jar"/>
    <property name="user.script" value=""/>
    <property name="sun.management.compiler" value="HotSpot 64-Bit Tiered Compilers"/>
    <property name="java.runtime.version" value="11.0.19+9-LTS-224"/>
    <property name="user.name" value="ANKUSH"/>
    <property name="path.separator" value=";"/>
    <property name="os.version" value="10.0"/>
    <property name="java.runtime.name" value="Java(TM) SE Runtime Environment"/>
    <property name="file.encoding" value="Cp1252"/>
    <property name="java.vm.name" value="Java HotSpot(TM) 64-Bit Server VM"/>
    <property name="java.vendor.version" value="18.9"/>
    <property name="localRepository" value="C:\Users\ANKUSH\.m2\repository"/>
    <property name="java.vendor.url.bug" value="https://bugreport.java.com/bugreport/"/>
    <property name="java.io.tmpdir" value="C:\Users\ANKUSH\AppData\Local\Temp\"/>
    <property name="java.version" value="11.0.19"/>
    <property name="user.dir" value="C:\Users\ANKUSH\Desktop\Internship\soap"/>
    <property name="os.arch" value="amd64"/>
    <property name="java.vm.specification.name" value="Java Virtual Machine Specification"/>
    <property name="java.awt.printerjob" value="sun.awt.windows.WPrinterJob"/>
    <property name="sun.os.patch.level" value=""/>
    <property name="java.library.path" value="C:\Program Files\Java\jdk-11\bin;C:\Windows\Sun\Java\bin;C:\Windows\system32;C:\Windows;C:\Program Files\Java\jdk-11\bin;C:\Program Files\Java\jdk1.x.x_xxx\bin;C:\Windows\system32;C:\Windows;C:\Windows\System32\Wbem;C:\Windows\System32\WindowsPowerShell\v1.0\;C:\Windows\System32\OpenSSH\;C:\Program Files (x86)\ATI Technologies\ATI.ACE\Core-Static;C:\Program Files\Microsoft SQL Server\Client SDK\ODBC\170\Tools\Binn\;C:\xampp\php;C:\ProgramData\ComposerSetup\bin;C:\Program Files\Java\jre-1.8\bin;C:\Users\ANKUSH\Downloads\apache-maven-3.9.3\bin;C:\Users\ANKUSH\Downloads\apache-maven-3.9.3-bin\apache-maven-3.9.3\bin;C:\Users\ANKUSH\Downloads\apache-maven-3.9.3-bin\apache-maven-3.9.3\bin;%CATALINA_HOME%\bin;C:\Program Files\Java\jdk-20\bin;C:\Users\ANKUSH\Downloads\apache-maven-3.9.3\bin;C:\Program Files\Common Files\Oracle\Java\javapath;C:\Users\ANKUSH\Desktop\Internship\JavaConcepts\FileIOThreadExample\nssm-2.24;C:\Users\ANKUSH\AppData\Local\Microsoft\WindowsApps;;C:\Users\ANKUSH\AppData\Local\Programs\Microsoft VS Code\bin;C:\Users\ANKUSH\AppData\Roaming\Composer\vendor\bin;."/>
    <property name="java.vendor" value="Oracle Corporation"/>
    <property name="java.vm.info" value="mixed mode"/>
    <property name="java.vm.version" value="11.0.19+9-LTS-224"/>
    <property name="sun.io.unicode.encoding" value="UnicodeLittle"/>
    <property name="java.class.version" value="55.0"/>
  </properties>
  <testcase name="shouldAnswerWithTrue" classname="com.example.AppTest" time="0.01"/>
</testsuite>